05-12-2022 01:01:12 : INFO : logger : Successfully Instantiated Outlier Class Object
05-12-2022 01:01:12 : INFO : logger : Successfully Instantiated Outlier Class Object
05-12-2022 01:04:23 : INFO : logger : Missing value of the dataset calculated
05-12-2022 01:06:37 : INFO : logger : Successfully Instantiated Preprocessing Class Object
05-12-2022 01:06:37 : INFO : logger : Successfully Instantiated Outlier Class Object
05-12-2022 01:06:37 : INFO : logger : Successfully Instantiated Outlier Class Object
05-12-2022 01:06:37 : INFO : logger : Successfully Instantiated Outlier Class Object
05-12-2022 01:06:37 : INFO : logger : Successfully Instantiated Outlier Class Object
05-12-2022 01:06:45 : INFO : logger : Missing value of the dataset calculated
05-12-2022 01:06:45 : INFO : logger : Missing value of the dataset calculated
05-12-2022 01:06:50 : INFO : logger : Number of duplicated fields calculated
05-12-2022 01:06:50 : INFO : logger : Number of duplicated fields calculated
05-12-2022 01:07:26 : INFO : logger : Successfully Instantiated Outlier Class Object
05-12-2022 01:07:28 : INFO : logger : Missing value of the dataset calculated
05-12-2022 01:07:29 : INFO : logger : Skewness calculated
05-12-2022 01:07:37 : INFO : logger : Successfully Instantiated Outlier Class Object
05-12-2022 01:07:38 : INFO : logger : Cleaned feature names
05-12-2022 01:07:53 : INFO : logger : Filled missing numerical variables
05-12-2022 01:07:56 : INFO : logger : Filled missing categorical variables with mode
05-12-2022 01:09:29 : INFO : logger : Plotting a bar chart
05-12-2022 01:09:29 : INFO : logger : Plotting a bar chart
05-12-2022 01:09:42 : INFO : logger : Plotting a bar chart
05-12-2022 01:09:42 : INFO : logger : Plotting a bar chart
05-12-2022 01:09:49 : INFO : logger : Plotting a bar chart
05-12-2022 01:09:49 : INFO : logger : Plotting a bar chart
05-12-2022 01:09:53 : INFO : logger : Plotting a bar chart
05-12-2022 01:09:53 : INFO : logger : Plotting a bar chart
05-13-2022 09:12:55 : INFO : logger : Successfully Instantiated Outlier Class Object
05-13-2022 09:28:49 : INFO : logger : Successfully Instantiated Preprocessing Class Object
05-13-2022 09:28:57 : INFO : logger : Successfully Instantiated Preprocessing Class Object
05-13-2022 09:29:05 : INFO : logger : Successfully Instantiated Preprocessing Class Object
05-13-2022 09:29:05 : INFO : logger : Successfully Instantiated Outlier Class Object
05-13-2022 09:29:05 : INFO : logger : Successfully Instantiated Outlier Class Object
05-13-2022 09:37:33 : INFO : logger : Successfully Instantiated Preprocessing Class Object
05-13-2022 09:37:33 : INFO : logger : Successfully Instantiated Preprocessing Class Object
05-13-2022 09:37:33 : INFO : logger : Successfully Instantiated Outlier Class Object
05-13-2022 09:37:33 : INFO : logger : Successfully Instantiated Outlier Class Object
05-13-2022 09:37:33 : INFO : logger : Successfully Instantiated Outlier Class Object
05-13-2022 09:53:46 : INFO : logger : Plotting a bar chart
05-13-2022 09:53:46 : INFO : logger : Plotting a bar chart
05-13-2022 09:53:46 : INFO : logger : Plotting a bar chart
05-13-2022 09:54:47 : INFO : logger : Plotting a bar chart
05-13-2022 09:54:47 : INFO : logger : Plotting a bar chart
05-13-2022 09:54:47 : INFO : logger : Plotting a bar chart
05-13-2022 09:55:12 : INFO : logger : Plotting a bar chart
05-13-2022 09:55:12 : INFO : logger : Plotting a bar chart
05-13-2022 09:55:12 : INFO : logger : Plotting a bar chart
05-13-2022 09:55:19 : INFO : logger : Plotting a bar chart
05-13-2022 09:55:19 : INFO : logger : Plotting a bar chart
05-13-2022 09:55:19 : INFO : logger : Plotting a bar chart
05-13-2022 09:55:22 : INFO : logger : Plotting a bar chart
05-13-2022 09:55:22 : INFO : logger : Plotting a bar chart
05-13-2022 09:55:22 : INFO : logger : Plotting a bar chart
05-13-2022 09:56:45 : INFO : logger : Plotting a bar chart
05-13-2022 09:56:45 : INFO : logger : Plotting a bar chart
05-13-2022 09:56:45 : INFO : logger : Plotting a bar chart
05-13-2022 09:56:57 : INFO : logger : Plotting a bar chart
05-13-2022 09:56:57 : INFO : logger : Plotting a bar chart
05-13-2022 09:56:57 : INFO : logger : Plotting a bar chart
05-13-2022 10:17:05 : INFO : logger : Successfully Instantiated Preprocessing Class Object
05-13-2022 10:17:05 : INFO : logger : Successfully Instantiated Preprocessing Class Object
05-13-2022 10:17:05 : INFO : logger : Successfully Instantiated Preprocessing Class Object
05-13-2022 10:17:05 : INFO : logger : Successfully Instantiated Outlier Class Object
05-13-2022 10:17:05 : INFO : logger : Successfully Instantiated Outlier Class Object
05-13-2022 10:17:05 : INFO : logger : Successfully Instantiated Outlier Class Object
05-13-2022 10:17:05 : INFO : logger : Successfully Instantiated Outlier Class Object
05-13-2022 10:18:19 : INFO : logger : Successfully Instantiated Preprocessing Class Object
05-13-2022 10:18:19 : INFO : logger : Successfully Instantiated Preprocessing Class Object
05-13-2022 10:18:19 : INFO : logger : Successfully Instantiated Preprocessing Class Object
05-13-2022 10:18:19 : INFO : logger : Successfully Instantiated Preprocessing Class Object
05-13-2022 10:18:19 : INFO : logger : Successfully Instantiated Outlier Class Object
05-13-2022 10:18:19 : INFO : logger : Successfully Instantiated Outlier Class Object
05-13-2022 10:18:19 : INFO : logger : Successfully Instantiated Outlier Class Object
05-13-2022 10:18:19 : INFO : logger : Successfully Instantiated Outlier Class Object
05-13-2022 10:18:19 : INFO : logger : Successfully Instantiated Outlier Class Object
05-13-2022 11:03:39 : INFO : logger : Successfully Instantiated Preprocessing Class Object
05-13-2022 11:03:39 : INFO : logger : Successfully Instantiated Preprocessing Class Object
05-13-2022 11:03:39 : INFO : logger : Successfully Instantiated Preprocessing Class Object
05-13-2022 11:03:39 : INFO : logger : Successfully Instantiated Preprocessing Class Object
05-13-2022 11:03:39 : INFO : logger : Successfully Instantiated Preprocessing Class Object
05-13-2022 11:03:39 : INFO : logger : Successfully Instantiated Outlier Class Object
05-13-2022 11:03:39 : INFO : logger : Successfully Instantiated Outlier Class Object
05-13-2022 11:03:39 : INFO : logger : Successfully Instantiated Outlier Class Object
05-13-2022 11:03:39 : INFO : logger : Successfully Instantiated Outlier Class Object
05-13-2022 11:03:39 : INFO : logger : Successfully Instantiated Outlier Class Object
05-13-2022 11:03:39 : INFO : logger : Successfully Instantiated Outlier Class Object
05-14-2022 06:22:47 : INFO : logger : Successfully Instantiated Outlier Class Object
05-14-2022 06:31:29 : INFO : logger : Initialized userEngagement.py logger
05-14-2022 06:36:25 : INFO : logger : Plotting a scatter plot
05-14-2022 06:36:26 : INFO : logger : Plotting a scatter plot
05-14-2022 06:36:26 : INFO : logger : Plotting a scatter plot
05-14-2022 06:36:53 : INFO : logger : Plotting a scatter plot
05-14-2022 06:36:54 : INFO : logger : Plotting a scatter plot
05-14-2022 06:36:54 : INFO : logger : Plotting a scatter plot
05-14-2022 06:37:26 : INFO : logger : Plotting a scatter plot
05-14-2022 06:37:26 : INFO : logger : Plotting a scatter plot
05-14-2022 06:37:27 : INFO : logger : Plotting a scatter plot
05-14-2022 06:37:27 : INFO : logger : Plotting a scatter plot
05-14-2022 06:39:51 : INFO : logger : # Centroids of the clustering:
[[0.52183007 0.12384303 0.84185823]
 [0.49708491 0.23942868 0.83307262]
 [0.55869508 0.28813456 0.7749892 ]]
05-14-2022 06:40:03 : INFO : logger : # Centroids of the clustering:
[[0.52183007 0.12384303 0.84185823]
 [0.49708491 0.23942868 0.83307262]
 [0.55869508 0.28813456 0.7749892 ]]
05-14-2022 06:40:03 : INFO : logger : # The number of iterations required to converge: 279.73641503330884
05-14-2022 06:40:03 : INFO : logger : # The number of iterations required to converge: 7
05-14-2022 07:04:26 : INFO : logger : Plotting a pie chart
05-14-2022 07:45:11 : INFO : logger : Plotting a histogram
05-14-2022 07:45:24 : INFO : logger : Plotting a histogram
05-14-2022 07:46:22 : INFO : logger : Plotting a bar chart
05-14-2022 07:46:56 : INFO : logger : Plotting a bar chart
05-14-2022 07:58:44 : INFO : logger : The optimal number of cluster is: 3
