05-12-2022 01:00:50 : INFO : logger : Successfully Instantiated Preprocessing Class Object
05-12-2022 01:01:12 : INFO : logger : Successfully Instantiated Preprocessing Class Object
05-12-2022 01:01:12 : INFO : logger : Successfully Instantiated Preprocessing Class Object
05-12-2022 01:01:12 : INFO : logger : Successfully Instantiated Outlier Class Object
05-12-2022 01:01:12 : INFO : logger : Successfully Instantiated Outlier Class Object
05-12-2022 01:01:12 : INFO : logger : Successfully Instantiated Outlier Class Object
05-12-2022 01:01:12 : INFO : logger : Successfully Instantiated Outlier Class Object
05-12-2022 01:04:23 : INFO : logger : Missing value of the dataset calculated
05-12-2022 01:04:23 : INFO : logger : Missing value of the dataset calculated
05-12-2022 01:06:37 : INFO : logger : Successfully Instantiated Preprocessing Class Object
05-12-2022 01:06:37 : INFO : logger : Successfully Instantiated Preprocessing Class Object
05-12-2022 01:06:37 : INFO : logger : Successfully Instantiated Preprocessing Class Object
05-12-2022 01:06:37 : INFO : logger : Successfully Instantiated Outlier Class Object
05-12-2022 01:06:37 : INFO : logger : Successfully Instantiated Outlier Class Object
05-12-2022 01:06:37 : INFO : logger : Successfully Instantiated Outlier Class Object
05-12-2022 01:06:37 : INFO : logger : Successfully Instantiated Outlier Class Object
05-12-2022 01:06:37 : INFO : logger : Successfully Instantiated Outlier Class Object
05-12-2022 01:06:37 : INFO : logger : Successfully Instantiated Outlier Class Object
05-12-2022 01:06:45 : INFO : logger : Missing value of the dataset calculated
05-12-2022 01:06:45 : INFO : logger : Missing value of the dataset calculated
05-12-2022 01:06:45 : INFO : logger : Missing value of the dataset calculated
05-12-2022 01:06:50 : INFO : logger : Number of duplicated fields calculated
05-12-2022 01:06:50 : INFO : logger : Number of duplicated fields calculated
05-12-2022 01:06:50 : INFO : logger : Number of duplicated fields calculated
05-12-2022 01:08:24 : INFO : logger : Successfully Instantiated Preprocessing Class Object
05-12-2022 01:09:29 : INFO : logger : Plotting a bar chart
05-12-2022 01:09:29 : INFO : logger : Plotting a bar chart
05-12-2022 01:09:29 : INFO : logger : Plotting a bar chart
05-12-2022 01:09:42 : INFO : logger : Plotting a bar chart
05-12-2022 01:09:42 : INFO : logger : Plotting a bar chart
05-12-2022 01:09:42 : INFO : logger : Plotting a bar chart
05-12-2022 01:09:49 : INFO : logger : Plotting a bar chart
05-12-2022 01:09:49 : INFO : logger : Plotting a bar chart
05-12-2022 01:09:49 : INFO : logger : Plotting a bar chart
05-12-2022 01:09:53 : INFO : logger : Plotting a bar chart
05-12-2022 01:09:53 : INFO : logger : Plotting a bar chart
05-12-2022 01:09:53 : INFO : logger : Plotting a bar chart
